#
# There is insufficient memory for the Java Runtime Environment to continue.
# Native memory allocation (mmap) failed to map 322961408 bytes for committing reserved memory.
# Possible reasons:
#   The system is out of physical RAM or swap space
#   In 32 bit mode, the process size limit was hit
# Possible solutions:
#   Reduce memory load on the system
#   Increase physical memory or swap space
#   Check if swap backing store is full
#   Use 64 bit Java on a 64 bit OS
#   Decrease Java heap size (-Xmx/-Xms)
#   Decrease number of Java threads
#   Decrease Java thread stack sizes (-Xss)
#   Set larger code cache with -XX:ReservedCodeCacheSize=
# This output file may be truncated or incomplete.
#
#  Out of Memory Error (os_linux.cpp:2673), pid=26197, tid=140438084994816
#
# JRE version: Java(TM) SE Runtime Environment (8.0_40-b26) (build 1.8.0_40-b26)
# Java VM: Java HotSpot(TM) 64-Bit Server VM (25.40-b25 mixed mode linux-amd64 compressed oops)
# Failed to write core dump. Core dumps have been disabled. To enable core dumping, try "ulimit -c unlimited" before starting Java again
#

---------------  T H R E A D  ---------------

Current thread (0x00007fba602b0000):  VMThread [stack: 0x00007fba4a1b4000,0x00007fba4a2b5000] [id=26205]

Stack: [0x00007fba4a1b4000,0x00007fba4a2b5000],  sp=0x00007fba4a2b3320,  free space=1020k
Native frames: (J=compiled Java code, j=interpreted, Vv=VM code, C=native code)
V  [libjvm.so+0xaaca9a]  VMError::report_and_die()+0x2ba
V  [libjvm.so+0x4f333b]  report_vm_out_of_memory(char const*, int, unsigned long, VMErrorType, char const*)+0x8b
V  [libjvm.so+0x90e8c3]  os::Linux::commit_memory_impl(char*, unsigned long, bool)+0x103
V  [libjvm.so+0x90ee19]  os::pd_commit_memory(char*, unsigned long, unsigned long, bool)+0x29
V  [libjvm.so+0x90877a]  os::commit_memory(char*, unsigned long, unsigned long, bool)+0x2a
V  [libjvm.so+0x97bbc3]  PSVirtualSpace::expand_by(unsigned long)+0x53
V  [libjvm.so+0x96c420]  PSOldGen::expand(unsigned long)+0x170
V  [libjvm.so+0x96c62b]  PSOldGen::resize(unsigned long)+0x1cb
V  [libjvm.so+0x974341]  PSParallelCompact::invoke_no_policy(bool)+0x9d1
V  [libjvm.so+0x979ced]  PSScavenge::invoke()+0x1ad
V  [libjvm.so+0x932150]  ParallelScavengeHeap::failed_mem_allocate(unsigned long)+0x70
V  [libjvm.so+0xaae2d7]  VM_ParallelGCFailedAllocation::doit()+0x97
V  [libjvm.so+0xab5ac5]  VM_Operation::evaluate()+0x55
V  [libjvm.so+0xab3e9a]  VMThread::evaluate_operation(VM_Operation*)+0xba
V  [libjvm.so+0xab421e]  VMThread::loop()+0x1ce
V  [libjvm.so+0xab4690]  VMThread::run()+0x70
V  [libjvm.so+0x910ee8]  java_start(Thread*)+0x108

VM_Operation (0x00007fba672ad5d0): ParallelGCFailedAllocation, mode: safepoint, requested by thread 0x00007fba60093000


---------------  P R O C E S S  ---------------

Java Threads: ( => current thread )
  0x00007fba20020800 JavaThread "_jprofiler_control_sampler" daemon [_thread_blocked, id=26227, stack(0x00007fba4846e000,0x00007fba4856f000)]
  0x00007fba6050a000 JavaThread "Service Thread" daemon [_thread_blocked, id=26225, stack(0x00007fba48670000,0x00007fba48771000)]
  0x00007fba604d8000 JavaThread "C1 CompilerThread2" daemon [_thread_blocked, id=26224, stack(0x00007fba4897a000,0x00007fba48a7b000)]
  0x00007fba604d6000 JavaThread "C2 CompilerThread1" daemon [_thread_blocked, id=26223, stack(0x00007fba48a7b000,0x00007fba48b7c000)]
  0x00007fba604d3800 JavaThread "C2 CompilerThread0" daemon [_thread_blocked, id=26222, stack(0x00007fba48b7c000,0x00007fba48c7d000)]
  0x00007fba604d1800 JavaThread "_jprofiler_sampler" daemon [_thread_blocked, id=26221, stack(0x00007fba48c7d000,0x00007fba48d7e000)]
  0x00007fba1c1ed000 JavaThread "_jprofiler_native_sampler" daemon [_thread_blocked, id=26220, stack(0x00007fba48d7e000,0x00007fba48e7f000)]
  0x00007fba604b1800 JavaThread "_jprofiler_native_comm" daemon [_thread_blocked, id=26217, stack(0x00007fba48f80000,0x00007fba49081000)]
  0x00007fba6040d800 JavaThread "Signal Dispatcher" daemon [_thread_blocked, id=26214, stack(0x00007fba49be6000,0x00007fba49ce7000)]
  0x00007fba602de800 JavaThread "Finalizer" daemon [_thread_blocked, id=26207, stack(0x00007fba49fb2000,0x00007fba4a0b3000)]
  0x00007fba602da800 JavaThread "Reference Handler" daemon [_thread_blocked, id=26206, stack(0x00007fba4a0b3000,0x00007fba4a1b4000)]
  0x00007fba60093000 JavaThread "main" [_thread_blocked, id=26198, stack(0x00007fba671ae000,0x00007fba672af000)]

Other Threads:
=>0x00007fba602b0000 VMThread [stack: 0x00007fba4a1b4000,0x00007fba4a2b5000] [id=26205]
  0x00007fba6050d800 WatcherThread [stack: 0x00007fba4856f000,0x00007fba48670000] [id=26226]

VM state:at safepoint (normal execution)

VM Mutex/Monitor currently owned by a thread:  ([mutex/lock_event])
[0x00007fba6008eea0] ExpandHeap_lock - owner thread: 0x00007fba602b0000
[0x00007fba6008f520] Threads_lock - owner thread: 0x00007fba602b0000
[0x00007fba6008fa20] Heap_lock - owner thread: 0x00007fba60093000

Heap:
 PSYoungGen      total 394752K, used 100722K [0x00000000dbe00000, 0x0000000100000000, 0x0000000100000000)
  eden space 197632K, 0% used [0x00000000dbe00000,0x00000000dbe00000,0x00000000e7f00000)
  from space 197120K, 51% used [0x00000000f3f80000,0x00000000fa1dc998,0x0000000100000000)
  to   space 197120K, 0% used [0x00000000e7f00000,0x00000000e7f00000,0x00000000f3f80000)
 ParOldGen       total 858112K, used 857628K [0x0000000093a00000, 0x00000000c8000000, 0x00000000dbe00000)
  object space 858112K, 99% used [0x0000000093a00000,0x00000000c7f871a8,0x00000000c8000000)
 Metaspace       used 6555K, capacity 6636K, committed 6784K, reserved 1056768K
  class space    used 762K, capacity 780K, committed 896K, reserved 1048576K

Card table byte_map: [0x00007fba4fc3a000,0x00007fba4ff9e000] byte_map_base: 0x00007fba4f79d000

Marking Bits: (ParMarkBitMap*) 0x00007fba666856c0
 Begin Bits: [0x00007fba4bfc4000, 0x00007fba4dadc000)
 End Bits:   [0x00007fba4dadc000, 0x00007fba4f5f4000)

Polling page: 0x00007fba672d2000

CodeCache: size=245760Kb used=2638Kb max_used=2642Kb free=243121Kb
 bounds [0x00007fba5035e000, 0x00007fba505fe000, 0x00007fba5f35e000]
 total_blobs=729 nmethods=415 adapters=228
 compilation: enabled

Compilation events (10 events):
Event: 145,004 Thread 0x00007fba604d8000  411       1       com.jprofiler.agent.util.i::e (5 bytes)
Event: 145,004 Thread 0x00007fba604d8000 nmethod 411 0x00007fba505efa10 code [0x00007fba505efb60, 0x00007fba505efc70]
Event: 146,005 Thread 0x00007fba604d8000  412       1       com.jprofiler.agent.util.a.b.r::c (5 bytes)
Event: 146,005 Thread 0x00007fba604d8000 nmethod 412 0x00007fba505ef750 code [0x00007fba505ef8a0, 0x00007fba505ef9b0]
Event: 155,007 Thread 0x00007fba604d8000  413   !   3       com.jprofiler.agent.probe.ProbeHandler::doSampling (153 bytes)
Event: 155,024 Thread 0x00007fba604d8000 nmethod 413 0x00007fba505f3f10 code [0x00007fba505f4100, 0x00007fba505f4b08]
Event: 241,775 Thread 0x00007fba604d8000  414       1       java.lang.management.MemoryUsage::getUsed (5 bytes)
Event: 241,775 Thread 0x00007fba604d8000 nmethod 414 0x00007fba505ef490 code [0x00007fba505ef5e0, 0x00007fba505ef6f0]
Event: 241,775 Thread 0x00007fba604d8000  415       1       java.lang.management.MemoryUsage::getCommitted (5 bytes)
Event: 241,775 Thread 0x00007fba604d8000 nmethod 415 0x00007fba505ef1d0 code [0x00007fba505ef320, 0x00007fba505ef430]

GC Heap History (10 events):
Event: 176,697 GC heap after
Heap after GC invocations=17 (full 4):
 PSYoungGen      total 345088K, used 114115K [0x00000000dbe00000, 0x00000000ffb80000, 0x0000000100000000)
  eden space 159744K, 0% used [0x00000000dbe00000,0x00000000dbe00000,0x00000000e5a00000)
  from space 185344K, 61% used [0x00000000e5a00000,0x00000000ec970d60,0x00000000f0f00000)
  to   space 187904K, 0% used [0x00000000f4400000,0x00000000f4400000,0x00000000ffb80000)
 ParOldGen       total 600576K, used 564875K [0x0000000093a00000, 0x00000000b8480000, 0x00000000dbe00000)
  object space 600576K, 94% used [0x0000000093a00000,0x00000000b61a2cc0,0x00000000b8480000)
 Metaspace       used 6555K, capacity 6636K, committed 6784K, reserved 1056768K
  class space    used 762K, capacity 780K, committed 896K, reserved 1048576K
}
Event: 176,697 GC heap before
{Heap before GC invocations=18 (full 5):
 PSYoungGen      total 345088K, used 114115K [0x00000000dbe00000, 0x00000000ffb80000, 0x0000000100000000)
  eden space 159744K, 0% used [0x00000000dbe00000,0x00000000dbe00000,0x00000000e5a00000)
  from space 185344K, 61% used [0x00000000e5a00000,0x00000000ec970d60,0x00000000f0f00000)
  to   space 187904K, 0% used [0x00000000f4400000,0x00000000f4400000,0x00000000ffb80000)
 ParOldGen       total 600576K, used 564875K [0x0000000093a00000, 0x00000000b8480000, 0x00000000dbe00000)
  object space 600576K, 94% used [0x0000000093a00000,0x00000000b61a2cc0,0x00000000b8480000)
 Metaspace       used 6555K, capacity 6636K, committed 6784K, reserved 1056768K
  class space    used 762K, capacity 780K, committed 896K, reserved 1048576K
Event: 183,395 GC heap after
Heap after GC invocations=18 (full 5):
 PSYoungGen      total 345088K, used 42249K [0x00000000dbe00000, 0x00000000ffb80000, 0x0000000100000000)
  eden space 159744K, 0% used [0x00000000dbe00000,0x00000000dbe00000,0x00000000e5a00000)
  from space 185344K, 22% used [0x00000000e5a00000,0x00000000e8342428,0x00000000f0f00000)
  to   space 187904K, 0% used [0x00000000f4400000,0x00000000f4400000,0x00000000ffb80000)
 ParOldGen       total 842752K, used 600152K [0x0000000093a00000, 0x00000000c7100000, 0x00000000dbe00000)
  object space 842752K, 71% used [0x0000000093a00000,0x00000000b8416050,0x00000000c7100000)
 Metaspace       used 6555K, capacity 6636K, committed 6784K, reserved 1056768K
  class space    used 762K, capacity 780K, committed 896K, reserved 1048576K
}
Event: 207,983 GC heap before
{Heap before GC invocations=19 (full 5):
 PSYoungGen      total 345088K, used 201993K [0x00000000dbe00000, 0x00000000ffb80000, 0x0000000100000000)
  eden space 159744K, 100% used [0x00000000dbe00000,0x00000000e5a00000,0x00000000e5a00000)
  from space 185344K, 22% used [0x00000000e5a00000,0x00000000e8342428,0x00000000f0f00000)
  to   space 187904K, 0% used [0x00000000f4400000,0x00000000f4400000,0x00000000ffb80000)
 ParOldGen       total 842752K, used 600152K [0x0000000093a00000, 0x00000000c7100000, 0x00000000dbe00000)
  object space 842752K, 71% used [0x0000000093a00000,0x00000000b8416050,0x00000000c7100000)
 Metaspace       used 6555K, capacity 6636K, committed 6784K, reserved 1056768K
  class space    used 762K, capacity 780K, committed 896K, reserved 1048576K
Event: 209,768 GC heap after
Heap after GC invocations=19 (full 5):
 PSYoungGen      total 368640K, used 94624K [0x00000000dbe00000, 0x00000000fe600000, 0x0000000100000000)
  eden space 202752K, 0% used [0x00000000dbe00000,0x00000000dbe00000,0x00000000e8400000)
  from space 165888K, 57% used [0x00000000f4400000,0x00000000fa068000,0x00000000fe600000)
  to   space 181248K, 0% used [0x00000000e8400000,0x00000000e8400000,0x00000000f3500000)
 ParOldGen       total 842752K, used 642515K [0x0000000093a00000, 0x00000000c7100000, 0x00000000dbe00000)
  object space 842752K, 76% used [0x0000000093a00000,0x00000000bad74da0,0x00000000c7100000)
 Metaspace       used 6555K, capacity 6636K, committed 6784K, reserved 1056768K
  class space    used 762K, capacity 780K, committed 896K, reserved 1048576K
}
Event: 242,920 GC heap before
{Heap before GC invocations=20 (full 5):
 PSYoungGen      total 368640K, used 297376K [0x00000000dbe00000, 0x00000000fe600000, 0x0000000100000000)
  eden space 202752K, 100% used [0x00000000dbe00000,0x00000000e8400000,0x00000000e8400000)
  from space 165888K, 57% used [0x00000000f4400000,0x00000000fa068000,0x00000000fe600000)
  to   space 181248K, 0% used [0x00000000e8400000,0x00000000e8400000,0x00000000f3500000)
 ParOldGen       total 842752K, used 642515K [0x0000000093a00000, 0x00000000c7100000, 0x00000000dbe00000)
  object space 842752K, 76% used [0x0000000093a00000,0x00000000bad74da0,0x00000000c7100000)
 Metaspace       used 6555K, capacity 6636K, committed 6784K, reserved 1056768K
  class space    used 762K, capacity 780K, committed 896K, reserved 1048576K
Event: 244,859 GC heap after
Heap after GC invocations=20 (full 5):
 PSYoungGen      total 384000K, used 181248K [0x00000000dbe00000, 0x0000000100000000, 0x0000000100000000)
  eden space 202752K, 0% used [0x00000000dbe00000,0x00000000dbe00000,0x00000000e8400000)
  from space 181248K, 100% used [0x00000000e8400000,0x00000000f3500000,0x00000000f3500000)
  to   space 197120K, 0% used [0x00000000f3f80000,0x00000000f3f80000,0x0000000100000000)
 ParOldGen       total 842752K, used 675491K [0x0000000093a00000, 0x00000000c7100000, 0x00000000dbe00000)
  object space 842752K, 80% used [0x0000000093a00000,0x00000000bcda8da0,0x00000000c7100000)
 Metaspace       used 6555K, capacity 6636K, committed 6784K, reserved 1056768K
  class space    used 762K, capacity 780K, committed 896K, reserved 1048576K
}
Event: 271,035 GC heap before
{Heap before GC invocations=21 (full 5):
 PSYoungGen      total 384000K, used 384000K [0x00000000dbe00000, 0x0000000100000000, 0x0000000100000000)
  eden space 202752K, 100% used [0x00000000dbe00000,0x00000000e8400000,0x00000000e8400000)
  from space 181248K, 100% used [0x00000000e8400000,0x00000000f3500000,0x00000000f3500000)
  to   space 197120K, 0% used [0x00000000f3f80000,0x00000000f3f80000,0x0000000100000000)
 ParOldGen       total 842752K, used 675491K [0x0000000093a00000, 0x00000000c7100000, 0x00000000dbe00000)
  object space 842752K, 80% used [0x0000000093a00000,0x00000000bcda8da0,0x00000000c7100000)
 Metaspace       used 6555K, capacity 6636K, committed 6784K, reserved 1056768K
  class space    used 762K, capacity 780K, committed 896K, reserved 1048576K
Event: 274,186 GC heap after
Heap after GC invocations=21 (full 5):
 PSYoungGen      total 394752K, used 128916K [0x00000000dbe00000, 0x0000000100000000, 0x0000000100000000)
  eden space 197632K, 0% used [0x00000000dbe00000,0x00000000dbe00000,0x00000000e7f00000)
  from space 197120K, 65% used [0x00000000f3f80000,0x00000000fbd653f0,0x0000000100000000)
  to   space 197120K, 0% used [0x00000000e7f00000,0x00000000e7f00000,0x00000000f3f80000)
 ParOldGen       total 858112K, used 857019K [0x0000000093a00000, 0x00000000c8000000, 0x00000000dbe00000)
  object space 858112K, 99% used [0x0000000093a00000,0x00000000c7eeeda0,0x00000000c8000000)
 Metaspace       used 6555K, capacity 6636K, committed 6784K, reserved 1056768K
  class space    used 762K, capacity 780K, committed 896K, reserved 1048576K
}
Event: 274,187 GC heap before
{Heap before GC invocations=22 (full 6):
 PSYoungGen      total 394752K, used 128916K [0x00000000dbe00000, 0x0000000100000000, 0x0000000100000000)
  eden space 197632K, 0% used [0x00000000dbe00000,0x00000000dbe00000,0x00000000e7f00000)
  from space 197120K, 65% used [0x00000000f3f80000,0x00000000fbd653f0,0x0000000100000000)
  to   space 197120K, 0% used [0x00000000e7f00000,0x00000000e7f00000,0x00000000f3f80000)
 ParOldGen       total 858112K, used 857019K [0x0000000093a00000, 0x00000000c8000000, 0x00000000dbe00000)
  object space 858112K, 99% used [0x0000000093a00000,0x00000000c7eeeda0,0x00000000c8000000)
 Metaspace       used 6555K, capacity 6636K, committed 6784K, reserved 1056768K
  class space    used 762K, capacity 780K, committed 896K, reserved 1048576K

Deoptimization events (10 events):
Event: 11,769 Thread 0x00007fba604d1800 Uncommon trap: reason=bimorphic action=maybe_recompile pc=0x00007fba5059dea4 method=java.util.HashMap.putVal(ILjava/lang/Object;Ljava/lang/Object;ZZ)Ljava/lang/Object; @ 91
Event: 11,769 Thread 0x00007fba604d1800 Uncommon trap: reason=bimorphic action=maybe_recompile pc=0x00007fba5059dea4 method=java.util.HashMap.putVal(ILjava/lang/Object;Ljava/lang/Object;ZZ)Ljava/lang/Object; @ 91
Event: 11,769 Thread 0x00007fba604d1800 Uncommon trap: reason=class_check action=maybe_recompile pc=0x00007fba504f8a10 method=java.util.HashMap.putVal(ILjava/lang/Object;Ljava/lang/Object;ZZ)Ljava/lang/Object; @ 91
Event: 11,770 Thread 0x00007fba604d1800 Uncommon trap: reason=unstable_if action=reinterpret pc=0x00007fba5049614c method=java.lang.ThreadLocal$ThreadLocalMap.getEntry(Ljava/lang/ThreadLocal;)Ljava/lang/ThreadLocal$ThreadLocalMap$Entry; @ 21
Event: 11,771 Thread 0x00007fba604d1800 Uncommon trap: reason=class_check action=maybe_recompile pc=0x00007fba504f8a10 method=java.util.HashMap.putVal(ILjava/lang/Object;Ljava/lang/Object;ZZ)Ljava/lang/Object; @ 91
Event: 11,795 Thread 0x00007fba604d1800 Uncommon trap: reason=class_check action=maybe_recompile pc=0x00007fba505af4ec method=java.util.HashMap.putVal(ILjava/lang/Object;Ljava/lang/Object;ZZ)Ljava/lang/Object; @ 203
Event: 11,812 Thread 0x00007fba604d1800 Uncommon trap: reason=class_check action=maybe_recompile pc=0x00007fba50503d3c method=java.util.AbstractCollection.isEmpty()Z @ 1
Event: 11,812 Thread 0x00007fba604d1800 Uncommon trap: reason=class_check action=maybe_recompile pc=0x00007fba50503d3c method=java.util.AbstractCollection.isEmpty()Z @ 1
Event: 11,812 Thread 0x00007fba604d1800 Uncommon trap: reason=class_check action=maybe_recompile pc=0x00007fba50503d3c method=java.util.AbstractCollection.isEmpty()Z @ 1
Event: 11,812 Thread 0x00007fba604d1800 Uncommon trap: reason=class_check action=maybe_recompile pc=0x00007fba50503d3c method=java.util.AbstractCollection.isEmpty()Z @ 1

Internal exceptions (10 events):
Event: 11,770 Thread 0x00007fba604d1800 Implicit null exception at 0x00007fba50496050 to 0x00007fba50496131
Event: 11,776 Thread 0x00007fba604d1800 Exception <a 'java/lang/ArrayIndexOutOfBoundsException'> (0x00000000de19a1f8) thrown at [/HUDSON/workspace/8-2-build-linux-amd64/jdk8u40/3098/hotspot/src/share/vm/runtime/sharedRuntime.cpp, line 605]
Event: 11,777 Thread 0x00007fba604d1800 Exception <a 'java/lang/ArrayIndexOutOfBoundsException'> (0x00000000de19c768) thrown at [/HUDSON/workspace/8-2-build-linux-amd64/jdk8u40/3098/hotspot/src/share/vm/runtime/sharedRuntime.cpp, line 605]
Event: 11,777 Thread 0x00007fba604d1800 Exception <a 'java/lang/ArrayIndexOutOfBoundsException'> (0x00000000de19dd38) thrown at [/HUDSON/workspace/8-2-build-linux-amd64/jdk8u40/3098/hotspot/src/share/vm/runtime/sharedRuntime.cpp, line 605]
Event: 11,779 Thread 0x00007fba604d1800 Exception <a 'java/lang/ArrayIndexOutOfBoundsException'> (0x00000000de1a39b0) thrown at [/HUDSON/workspace/8-2-build-linux-amd64/jdk8u40/3098/hotspot/src/share/vm/runtime/sharedRuntime.cpp, line 605]
Event: 11,788 Thread 0x00007fba604d1800 Exception <a 'java/lang/ArrayIndexOutOfBoundsException'> (0x00000000de1cba10) thrown at [/HUDSON/workspace/8-2-build-linux-amd64/jdk8u40/3098/hotspot/src/share/vm/runtime/sharedRuntime.cpp, line 605]
Event: 11,788 Thread 0x00007fba604d1800 Exception <a 'java/lang/ArrayIndexOutOfBoundsException'> (0x00000000de1cd000) thrown at [/HUDSON/workspace/8-2-build-linux-amd64/jdk8u40/3098/hotspot/src/share/vm/runtime/sharedRuntime.cpp, line 605]
Event: 11,789 Thread 0x00007fba604d1800 Exception <a 'java/lang/ArrayIndexOutOfBoundsException'> (0x00000000de1cf598) thrown at [/HUDSON/workspace/8-2-build-linux-amd64/jdk8u40/3098/hotspot/src/share/vm/runtime/sharedRuntime.cpp, line 605]
Event: 11,799 Thread 0x00007fba604d1800 Exception <a 'java/lang/ArrayIndexOutOfBoundsException'> (0x00000000de1fc598) thrown at [/HUDSON/workspace/8-2-build-linux-amd64/jdk8u40/3098/hotspot/src/share/vm/runtime/sharedRuntime.cpp, line 605]
Event: 11,808 Thread 0x00007fba604d1800 Exception <a 'java/lang/ArrayIndexOutOfBoundsException'> (0x00000000de21c9e0) thrown at [/HUDSON/workspace/8-2-build-linux-amd64/jdk8u40/3098/hotspot/src/share/vm/runtime/sharedRuntime.cpp, line 605]

Events (10 events):
Event: 140,002 Executing VM operation: ParallelGCFailedAllocation done
Event: 155,718 Executing VM operation: ParallelGCFailedAllocation
Event: 157,447 Executing VM operation: ParallelGCFailedAllocation done
Event: 175,222 Executing VM operation: ParallelGCFailedAllocation
Event: 183,395 Executing VM operation: ParallelGCFailedAllocation done
Event: 207,983 Executing VM operation: ParallelGCFailedAllocation
Event: 209,768 Executing VM operation: ParallelGCFailedAllocation done
Event: 242,920 Executing VM operation: ParallelGCFailedAllocation
Event: 244,859 Executing VM operation: ParallelGCFailedAllocation done
Event: 271,035 Executing VM operation: ParallelGCFailedAllocation


Dynamic libraries:
00400000-00401000 r-xp 00000000 08:02 952143                             /home/zinc/Documents/jdk1.8.0_40/bin/java
00600000-00601000 rw-p 00000000 08:02 952143                             /home/zinc/Documents/jdk1.8.0_40/bin/java
00c8e000-00caf000 rw-p 00000000 00:00 0                                  [heap]
93a00000-c8000000 rw-p 00000000 00:00 0 
db400000-dbe00000 ---p 00000000 00:00 0 
dbe00000-100000000 rw-p 00000000 00:00 0 
100000000-1000e0000 rw-p 00000000 00:00 0 
1000e0000-140000000 ---p 00000000 00:00 0 
7fb9a4000000-7fb9a5bb0000 rw-p 00000000 00:00 0 
7fb9a5bb0000-7fb9a8000000 ---p 00000000 00:00 0 
7fb9ac000000-7fb9b3ff9000 rw-p 00000000 00:00 0 
7fb9b3ff9000-7fb9b4000000 ---p 00000000 00:00 0 
7fb9b4000000-7fb9b8000000 rw-p 00000000 00:00 0 
7fb9bb4ff000-7fb9c0000000 rw-p 00000000 00:00 0 
7fb9c0000000-7fb9c3ff4000 rw-p 00000000 00:00 0 
7fb9c3ff4000-7fb9c4000000 ---p 00000000 00:00 0 
7fb9c4000000-7fb9c8000000 rw-p 00000000 00:00 0 
7fb9c8000000-7fb9cbff7000 rw-p 00000000 00:00 0 
7fb9cbff7000-7fb9cc000000 ---p 00000000 00:00 0 
7fb9cc000000-7fb9d0000000 rw-p 00000000 00:00 0 
7fb9d0000000-7fb9d8000000 rw-p 00000000 00:00 0 
7fb9d8000000-7fb9dbfff000 rw-p 00000000 00:00 0 
7fb9dbfff000-7fb9dc000000 ---p 00000000 00:00 0 
7fb9dc000000-7fb9dfff2000 rw-p 00000000 00:00 0 
7fb9dfff2000-7fb9e0000000 ---p 00000000 00:00 0 
7fb9e4000000-7fb9e7ff0000 rw-p 00000000 00:00 0 
7fb9e7ff0000-7fb9e8000000 ---p 00000000 00:00 0 
7fb9e8000000-7fb9ec000000 rw-p 00000000 00:00 0 
7fb9ec000000-7fb9f4000000 rw-p 00000000 00:00 0 
7fb9f4000000-7fb9fc000000 rw-p 00000000 00:00 0 
7fb9fc000000-7fb9fc021000 rw-p 00000000 00:00 0 
7fb9fc021000-7fba00000000 ---p 00000000 00:00 0 
7fba00000000-7fba00297000 rw-p 00000000 00:00 0 
7fba00297000-7fba04000000 ---p 00000000 00:00 0 
7fba04000000-7fba04528000 rw-p 00000000 00:00 0 
7fba04528000-7fba08000000 ---p 00000000 00:00 0 
7fba08000000-7fba08021000 rw-p 00000000 00:00 0 
7fba08021000-7fba0c000000 ---p 00000000 00:00 0 
7fba0c000000-7fba0c36a000 rw-p 00000000 00:00 0 
7fba0c36a000-7fba10000000 ---p 00000000 00:00 0 
7fba10000000-7fba10eba000 rw-p 00000000 00:00 0 
7fba10eba000-7fba14000000 ---p 00000000 00:00 0 
7fba14000000-7fba14021000 rw-p 00000000 00:00 0 
7fba14021000-7fba18000000 ---p 00000000 00:00 0 
7fba18000000-7fba18223000 rw-p 00000000 00:00 0 
7fba18223000-7fba1c000000 ---p 00000000 00:00 0 
7fba1c000000-7fba1c210000 rw-p 00000000 00:00 0 
7fba1c210000-7fba20000000 ---p 00000000 00:00 0 
7fba20000000-7fba2002a000 rw-p 00000000 00:00 0 
7fba2002a000-7fba24000000 ---p 00000000 00:00 0 
7fba24000000-7fba24021000 rw-p 00000000 00:00 0 
7fba24021000-7fba28000000 ---p 00000000 00:00 0 
7fba2b33c000-7fba2b34d000 r-xp 00000000 08:02 1200670                    /home/zinc/Documents/jdk1.8.0_40/jre/lib/amd64/libnio.so
7fba2b34d000-7fba2b54c000 ---p 00011000 08:02 1200670                    /home/zinc/Documents/jdk1.8.0_40/jre/lib/amd64/libnio.so
7fba2b54c000-7fba2b54d000 rw-p 00010000 08:02 1200670                    /home/zinc/Documents/jdk1.8.0_40/jre/lib/amd64/libnio.so
7fba2b54d000-7fba2b84e000 rw-p 00000000 00:00 0 
7fba2bcff000-7fba2c000000 rw-p 00000000 00:00 0 
7fba2c000000-7fba2c021000 rw-p 00000000 00:00 0 
7fba2c021000-7fba30000000 ---p 00000000 00:00 0 
7fba30000000-7fba30021000 rw-p 00000000 00:00 0 
7fba30021000-7fba34000000 ---p 00000000 00:00 0 
7fba34000000-7fba3409b000 rw-p 00000000 00:00 0 
7fba3409b000-7fba38000000 ---p 00000000 00:00 0 
7fba38000000-7fba39e26000 rw-p 00000000 00:00 0 
7fba39e26000-7fba3c000000 ---p 00000000 00:00 0 
7fba3c000000-7fba3c021000 rw-p 00000000 00:00 0 
7fba3c021000-7fba40000000 ---p 00000000 00:00 0 
7fba40000000-7fba40082000 rw-p 00000000 00:00 0 
7fba40082000-7fba44000000 ---p 00000000 00:00 0 
7fba44000000-7fba440ec000 rw-p 00000000 00:00 0 
7fba440ec000-7fba48000000 ---p 00000000 00:00 0 
7fba48257000-7fba4826d000 r-xp 00000000 08:02 1200647                    /home/zinc/Documents/jdk1.8.0_40/jre/lib/amd64/libnet.so
7fba4826d000-7fba4846d000 ---p 00016000 08:02 1200647                    /home/zinc/Documents/jdk1.8.0_40/jre/lib/amd64/libnet.so
7fba4846d000-7fba4846e000 rw-p 00016000 08:02 1200647                    /home/zinc/Documents/jdk1.8.0_40/jre/lib/amd64/libnet.so
7fba4846e000-7fba48471000 ---p 00000000 00:00 0 
7fba48471000-7fba4856f000 rw-p 00000000 00:00 0                          [stack:26227]
7fba4856f000-7fba48570000 ---p 00000000 00:00 0 
7fba48570000-7fba48670000 rw-p 00000000 00:00 0                          [stack:26226]
7fba48670000-7fba48673000 ---p 00000000 00:00 0 
7fba48673000-7fba48771000 rw-p 00000000 00:00 0                          [stack:26225]
7fba48771000-7fba48779000 r-xp 00000000 08:02 1200633                    /home/zinc/Documents/jdk1.8.0_40/jre/lib/amd64/libmanagement.so
7fba48779000-7fba48979000 ---p 00008000 08:02 1200633                    /home/zinc/Documents/jdk1.8.0_40/jre/lib/amd64/libmanagement.so
7fba48979000-7fba4897a000 rw-p 00008000 08:02 1200633                    /home/zinc/Documents/jdk1.8.0_40/jre/lib/amd64/libmanagement.so
7fba4897a000-7fba4897d000 ---p 00000000 00:00 0 
7fba4897d000-7fba48a7b000 rw-p 00000000 00:00 0                          [stack:26224]
7fba48a7b000-7fba48a7e000 ---p 00000000 00:00 0 
7fba48a7e000-7fba48b7c000 rw-p 00000000 00:00 0                          [stack:26223]
7fba48b7c000-7fba48b7f000 ---p 00000000 00:00 0 
7fba48b7f000-7fba48c7d000 rw-p 00000000 00:00 0                          [stack:26222]
7fba48c7d000-7fba48c80000 ---p 00000000 00:00 0 
7fba48c80000-7fba48d7e000 rw-p 00000000 00:00 0                          [stack:26221]
7fba48d7e000-7fba48d81000 ---p 00000000 00:00 0 
7fba48d81000-7fba48e7f000 rw-p 00000000 00:00 0                          [stack:26220]
7fba48e7f000-7fba48e82000 ---p 00000000 00:00 0 
7fba48e82000-7fba48f80000 rw-p 00000000 00:00 0 
7fba48f80000-7fba48f83000 ---p 00000000 00:00 0 
7fba48f83000-7fba49081000 rw-p 00000000 00:00 0                          [stack:26217]
7fba49081000-7fba49086000 r-xp 00000000 08:02 533642                     /usr/lib/x86_64-linux-gnu/libXdmcp.so.6.0.0
7fba49086000-7fba49285000 ---p 00005000 08:02 533642                     /usr/lib/x86_64-linux-gnu/libXdmcp.so.6.0.0
7fba49285000-7fba49286000 r--p 00004000 08:02 533642                     /usr/lib/x86_64-linux-gnu/libXdmcp.so.6.0.0
7fba49286000-7fba49287000 rw-p 00005000 08:02 533642                     /usr/lib/x86_64-linux-gnu/libXdmcp.so.6.0.0
7fba49287000-7fba49289000 r-xp 00000000 08:02 533631                     /usr/lib/x86_64-linux-gnu/libXau.so.6.0.0
7fba49289000-7fba49489000 ---p 00002000 08:02 533631                     /usr/lib/x86_64-linux-gnu/libXau.so.6.0.0
7fba49489000-7fba4948a000 r--p 00002000 08:02 533631                     /usr/lib/x86_64-linux-gnu/libXau.so.6.0.0
7fba4948a000-7fba4948b000 rw-p 00003000 08:02 533631                     /usr/lib/x86_64-linux-gnu/libXau.so.6.0.0
7fba4948b000-7fba494a8000 r-xp 00000000 08:02 534751                     /usr/lib/x86_64-linux-gnu/libxcb.so.1.1.0
7fba494a8000-7fba496a8000 ---p 0001d000 08:02 534751                     /usr/lib/x86_64-linux-gnu/libxcb.so.1.1.0
7fba496a8000-7fba496a9000 r--p 0001d000 08:02 534751                     /usr/lib/x86_64-linux-gnu/libxcb.so.1.1.0
7fba496a9000-7fba496aa000 rw-p 0001e000 08:02 534751                     /usr/lib/x86_64-linux-gnu/libxcb.so.1.1.0
7fba496aa000-7fba497dd000 r-xp 00000000 08:02 533627                     /usr/lib/x86_64-linux-gnu/libX11.so.6.3.0
7fba497dd000-7fba499dd000 ---p 00133000 08:02 533627                     /usr/lib/x86_64-linux-gnu/libX11.so.6.3.0
7fba499dd000-7fba499de000 r--p 00133000 08:02 533627                     /usr/lib/x86_64-linux-gnu/libX11.so.6.3.0
7fba499de000-7fba499e2000 rw-p 00134000 08:02 533627                     /usr/lib/x86_64-linux-gnu/libX11.so.6.3.0
7fba499e2000-7fba499e3000 rw-p 00000000 00:00 0 
7fba499e3000-7fba499e5000 r-xp 00000000 08:02 531305                     /usr/lib/jayatana/libjayatanaag.so
7fba499e5000-7fba49be4000 ---p 00002000 08:02 531305                     /usr/lib/jayatana/libjayatanaag.so
7fba49be4000-7fba49be5000 r--p 00001000 08:02 531305                     /usr/lib/jayatana/libjayatanaag.so
7fba49be5000-7fba49be6000 rw-p 00002000 08:02 531305                     /usr/lib/jayatana/libjayatanaag.so
7fba49be6000-7fba49be9000 ---p 00000000 00:00 0 
7fba49be9000-7fba49ce7000 rw-p 00000000 00:00 0                          [stack:26214]
7fba49ce7000-7fba49fb2000 r--p 00000000 08:02 528988                     /usr/lib/locale/locale-archive
7fba49fb2000-7fba49fb5000 ---p 00000000 00:00 0 
7fba49fb5000-7fba4a0b3000 rw-p 00000000 00:00 0                          [stack:26207]
7fba4a0b3000-7fba4a0b6000 ---p 00000000 00:00 0 
7fba4a0b6000-7fba4a1b4000 rw-p 00000000 00:00 0                          [stack:26206]
7fba4a1b4000-7fba4a1b5000 ---p 00000000 00:00 0 
7fba4a1b5000-7fba4b213000 rw-p 00000000 00:00 0                          [stack:26205]
7fba4b213000-7fba4b3eb000 r--s 03d09000 08:02 1066369                    /home/zinc/Documents/jdk1.8.0_40/jre/lib/rt.jar
7fba4b3eb000-7fba4ba21000 rw-p 00000000 00:00 0 
7fba4ba21000-7fba4bc61000 ---p 00000000 00:00 0 
7fba4bc61000-7fba4f5f4000 rw-p 00000000 00:00 0 
7fba4f5f4000-7fba4f5f5000 ---p 00000000 00:00 0 
7fba4f5f5000-7fba4f6f5000 rw-p 00000000 00:00 0                          [stack:26204]
7fba4f6f5000-7fba4f6f6000 ---p 00000000 00:00 0 
7fba4f6f6000-7fba4f7f6000 rw-p 00000000 00:00 0                          [stack:26203]
7fba4f7f6000-7fba4f7f7000 ---p 00000000 00:00 0 
7fba4f7f7000-7fba4f8f7000 rw-p 00000000 00:00 0                          [stack:26202]
7fba4f8f7000-7fba4f8f8000 ---p 00000000 00:00 0 
7fba4f8f8000-7fba4fb9b000 rw-p 00000000 00:00 0                          [stack:26201]
7fba4fb9b000-7fba4fc3a000 ---p 00000000 00:00 0 
7fba4fc3a000-7fba4fddd000 rw-p 00000000 00:00 0 
7fba4fddd000-7fba4fe7c000 ---p 00000000 00:00 0 
7fba4fe7c000-7fba4ff9d000 rw-p 00000000 00:00 0 
7fba4ff9d000-7fba4ffa9000 rw-p 00000000 00:00 0 
7fba4ffa9000-7fba5035e000 ---p 00000000 00:00 0 
7fba5035e000-7fba505fe000 rwxp 00000000 00:00 0 
7fba505fe000-7fba5f35e000 ---p 00000000 00:00 0 
7fba5f35e000-7fba5f378000 r-xp 00000000 08:02 1200642                    /home/zinc/Documents/jdk1.8.0_40/jre/lib/amd64/libzip.so
7fba5f378000-7fba5f578000 ---p 0001a000 08:02 1200642                    /home/zinc/Documents/jdk1.8.0_40/jre/lib/amd64/libzip.so
7fba5f578000-7fba5f579000 rw-p 0001a000 08:02 1200642                    /home/zinc/Documents/jdk1.8.0_40/jre/lib/amd64/libzip.so
7fba5f579000-7fba5f585000 r-xp 00000000 08:02 655590                     /lib/x86_64-linux-gnu/libnss_files-2.21.so
7fba5f585000-7fba5f784000 ---p 0000c000 08:02 655590                     /lib/x86_64-linux-gnu/libnss_files-2.21.so
7fba5f784000-7fba5f785000 r--p 0000b000 08:02 655590                     /lib/x86_64-linux-gnu/libnss_files-2.21.so
7fba5f785000-7fba5f786000 rw-p 0000c000 08:02 655590                     /lib/x86_64-linux-gnu/libnss_files-2.21.so
7fba5f786000-7fba5f791000 r-xp 00000000 08:02 655439                     /lib/x86_64-linux-gnu/libnss_nis-2.21.so
7fba5f791000-7fba5f990000 ---p 0000b000 08:02 655439                     /lib/x86_64-linux-gnu/libnss_nis-2.21.so
7fba5f990000-7fba5f991000 r--p 0000a000 08:02 655439                     /lib/x86_64-linux-gnu/libnss_nis-2.21.so
7fba5f991000-7fba5f992000 rw-p 0000b000 08:02 655439                     /lib/x86_64-linux-gnu/libnss_nis-2.21.so
7fba5f992000-7fba5f9a9000 r-xp 00000000 08:02 655596                     /lib/x86_64-linux-gnu/libnsl-2.21.so
7fba5f9a9000-7fba5fba8000 ---p 00017000 08:02 655596                     /lib/x86_64-linux-gnu/libnsl-2.21.so
7fba5fba8000-7fba5fba9000 r--p 00016000 08:02 655596                     /lib/x86_64-linux-gnu/libnsl-2.21.so
7fba5fba9000-7fba5fbaa000 rw-p 00017000 08:02 655596                     /lib/x86_64-linux-gnu/libnsl-2.21.so
7fba5fbaa000-7fba5fbac000 rw-p 00000000 00:00 0 
7fba5fbac000-7fba5fbb4000 r-xp 00000000 08:02 655592                     /lib/x86_64-linux-gnu/libnss_compat-2.21.so
7fba5fbb4000-7fba5fdb3000 ---p 00008000 08:02 655592                     /lib/x86_64-linux-gnu/libnss_compat-2.21.so
7fba5fdb3000-7fba5fdb4000 r--p 00007000 08:02 655592                     /lib/x86_64-linux-gnu/libnss_compat-2.21.so
7fba5fdb4000-7fba5fdb5000 rw-p 00008000 08:02 655592                     /lib/x86_64-linux-gnu/libnss_compat-2.21.so
7fba5fdb5000-7fba60000000 rw-p 00000000 00:00 0 
7fba60000000-7fba63ff6000 rw-p 00000000 00:00 0 
7fba63ff6000-7fba64000000 ---p 00000000 00:00 0 
7fba64016000-7fba642bc000 rw-p 00000000 00:00 0 
7fba642bc000-7fba642d2000 r-xp 00000000 08:02 655602                     /lib/x86_64-linux-gnu/libgcc_s.so.1
7fba642d2000-7fba644d1000 ---p 00016000 08:02 655602                     /lib/x86_64-linux-gnu/libgcc_s.so.1
7fba644d1000-7fba644d2000 rw-p 00015000 08:02 655602                     /lib/x86_64-linux-gnu/libgcc_s.so.1
7fba644d2000-7fba645c2000 r-xp 00000000 08:02 526075                     /usr/lib/x86_64-linux-gnu/libstdc++.so.6.0.20
7fba645c2000-7fba647c2000 ---p 000f0000 08:02 526075                     /usr/lib/x86_64-linux-gnu/libstdc++.so.6.0.20
7fba647c2000-7fba647ca000 r--p 000f0000 08:02 526075                     /usr/lib/x86_64-linux-gnu/libstdc++.so.6.0.20
7fba647ca000-7fba647cc000 rw-p 000f8000 08:02 526075                     /usr/lib/x86_64-linux-gnu/libstdc++.so.6.0.20
7fba647cc000-7fba647e1000 rw-p 00000000 00:00 0 
7fba647e1000-7fba64a1a000 r-xp 00000000 08:02 2122833                    /home/zinc/jprofiler8/bin/linux-x64/libjprofilerti.so
7fba64a1a000-7fba64b1a000 ---p 00239000 08:02 2122833                    /home/zinc/jprofiler8/bin/linux-x64/libjprofilerti.so
7fba64b1a000-7fba64b25000 rw-p 00239000 08:02 2122833                    /home/zinc/jprofiler8/bin/linux-x64/libjprofilerti.so
7fba64b25000-7fba64b93000 rw-p 00000000 00:00 0 
7fba64b93000-7fba64b9d000 r-xp 00000000 08:02 1200649                    /home/zinc/Documents/jdk1.8.0_40/jre/lib/amd64/libinstrument.so
7fba64b9d000-7fba64d9c000 ---p 0000a000 08:02 1200649                    /home/zinc/Documents/jdk1.8.0_40/jre/lib/amd64/libinstrument.so
7fba64d9c000-7fba64d9d000 rw-p 00009000 08:02 1200649                    /home/zinc/Documents/jdk1.8.0_40/jre/lib/amd64/libinstrument.so
7fba64d9d000-7fba64dc7000 r-xp 00000000 08:02 1200622                    /home/zinc/Documents/jdk1.8.0_40/jre/lib/amd64/libjava.so
7fba64dc7000-7fba64fc7000 ---p 0002a000 08:02 1200622                    /home/zinc/Documents/jdk1.8.0_40/jre/lib/amd64/libjava.so
7fba64fc7000-7fba64fc9000 rw-p 0002a000 08:02 1200622                    /home/zinc/Documents/jdk1.8.0_40/jre/lib/amd64/libjava.so
7fba64fc9000-7fba64fd6000 r-xp 00000000 08:02 1200636                    /home/zinc/Documents/jdk1.8.0_40/jre/lib/amd64/libverify.so
7fba64fd6000-7fba651d6000 ---p 0000d000 08:02 1200636                    /home/zinc/Documents/jdk1.8.0_40/jre/lib/amd64/libverify.so
7fba651d6000-7fba651d8000 rw-p 0000d000 08:02 1200636                    /home/zinc/Documents/jdk1.8.0_40/jre/lib/amd64/libverify.so
7fba651d8000-7fba651df000 r-xp 00000000 08:02 655597                     /lib/x86_64-linux-gnu/librt-2.21.so
7fba651df000-7fba653de000 ---p 00007000 08:02 655597                     /lib/x86_64-linux-gnu/librt-2.21.so
7fba653de000-7fba653df000 r--p 00006000 08:02 655597                     /lib/x86_64-linux-gnu/librt-2.21.so
7fba653df000-7fba653e0000 rw-p 00007000 08:02 655597                     /lib/x86_64-linux-gnu/librt-2.21.so
7fba653e0000-7fba654e7000 r-xp 00000000 08:02 655595                     /lib/x86_64-linux-gnu/libm-2.21.so
7fba654e7000-7fba656e6000 ---p 00107000 08:02 655595                     /lib/x86_64-linux-gnu/libm-2.21.so
7fba656e6000-7fba656e7000 r--p 00106000 08:02 655595                     /lib/x86_64-linux-gnu/libm-2.21.so
7fba656e7000-7fba656e8000 rw-p 00107000 08:02 655595                     /lib/x86_64-linux-gnu/libm-2.21.so
7fba656e8000-7fba66396000 r-xp 00000000 08:02 1983916                    /home/zinc/Documents/jdk1.8.0_40/jre/lib/amd64/server/libjvm.so
7fba66396000-7fba66595000 ---p 00cae000 08:02 1983916                    /home/zinc/Documents/jdk1.8.0_40/jre/lib/amd64/server/libjvm.so
7fba66595000-7fba6666c000 rw-p 00cad000 08:02 1983916                    /home/zinc/Documents/jdk1.8.0_40/jre/lib/amd64/server/libjvm.so
7fba6666c000-7fba666b0000 rw-p 00000000 00:00 0 
7fba666b0000-7fba66870000 r-xp 00000000 08:02 655600                     /lib/x86_64-linux-gnu/libc-2.21.so
7fba66870000-7fba66a70000 ---p 001c0000 08:02 655600                     /lib/x86_64-linux-gnu/libc-2.21.so
7fba66a70000-7fba66a74000 r--p 001c0000 08:02 655600                     /lib/x86_64-linux-gnu/libc-2.21.so
7fba66a74000-7fba66a76000 rw-p 001c4000 08:02 655600                     /lib/x86_64-linux-gnu/libc-2.21.so
7fba66a76000-7fba66a7a000 rw-p 00000000 00:00 0 
7fba66a7a000-7fba66a7d000 r-xp 00000000 08:02 655580                     /lib/x86_64-linux-gnu/libdl-2.21.so
7fba66a7d000-7fba66c7c000 ---p 00003000 08:02 655580                     /lib/x86_64-linux-gnu/libdl-2.21.so
7fba66c7c000-7fba66c7d000 r--p 00002000 08:02 655580                     /lib/x86_64-linux-gnu/libdl-2.21.so
7fba66c7d000-7fba66c7e000 rw-p 00003000 08:02 655580                     /lib/x86_64-linux-gnu/libdl-2.21.so
7fba66c7e000-7fba66c93000 r-xp 00000000 08:02 1066314                    /home/zinc/Documents/jdk1.8.0_40/lib/amd64/jli/libjli.so
7fba66c93000-7fba66e93000 ---p 00015000 08:02 1066314                    /home/zinc/Documents/jdk1.8.0_40/lib/amd64/jli/libjli.so
7fba66e93000-7fba66e94000 rw-p 00015000 08:02 1066314                    /home/zinc/Documents/jdk1.8.0_40/lib/amd64/jli/libjli.so
7fba66e94000-7fba66eac000 r-xp 00000000 08:02 655586                     /lib/x86_64-linux-gnu/libpthread-2.21.so
7fba66eac000-7fba670ac000 ---p 00018000 08:02 655586                     /lib/x86_64-linux-gnu/libpthread-2.21.so
7fba670ac000-7fba670ad000 r--p 00018000 08:02 655586                     /lib/x86_64-linux-gnu/libpthread-2.21.so
7fba670ad000-7fba670ae000 rw-p 00019000 08:02 655586                     /lib/x86_64-linux-gnu/libpthread-2.21.so
7fba670ae000-7fba670b2000 rw-p 00000000 00:00 0 
7fba670b2000-7fba670d6000 r-xp 00000000 08:02 655585                     /lib/x86_64-linux-gnu/ld-2.21.so
7fba6710a000-7fba6718e000 rw-p 00000000 00:00 0 
7fba671ae000-7fba671b1000 ---p 00000000 00:00 0 
7fba671b1000-7fba672b3000 rw-p 00000000 00:00 0                          [stack:26198]
7fba672b4000-7fba672b5000 rw-p 00000000 00:00 0 
7fba672b5000-7fba672ba000 r--s 00094000 08:02 1066372                    /home/zinc/Documents/jdk1.8.0_40/jre/lib/jsse.jar
7fba672ba000-7fba672bb000 r--p 00000000 00:00 0 
7fba672bb000-7fba672bc000 r--s 00000000 08:02 1180535                    /usr/share/java/jayatanaag.jar
7fba672bc000-7fba672c9000 r--s 0008e000 08:02 2753969                    /tmp/jagWN6trl
7fba672c9000-7fba672d1000 rw-s 00000000 08:02 2753971                    /tmp/hsperfdata_zinc/26197
7fba672d1000-7fba672d2000 rw-p 00000000 00:00 0 
7fba672d2000-7fba672d3000 ---p 00000000 00:00 0 
7fba672d3000-7fba672d5000 rw-p 00000000 00:00 0 
7fba672d5000-7fba672d6000 r--p 00023000 08:02 655585                     /lib/x86_64-linux-gnu/ld-2.21.so
7fba672d6000-7fba672d7000 rw-p 00024000 08:02 655585                     /lib/x86_64-linux-gnu/ld-2.21.so
7fba672d7000-7fba672d8000 rw-p 00000000 00:00 0 
7fffa7774000-7fffa7795000 rw-p 00000000 00:00 0                          [stack]
7fffa77d8000-7fffa77da000 r--p 00000000 00:00 0                          [vvar]
7fffa77da000-7fffa77dc000 r-xp 00000000 00:00 0                          [vdso]
ffffffffff600000-ffffffffff601000 r-xp 00000000 00:00 0                  [vsyscall]

VM Arguments:
jvm_args: -javaagent:/usr/share/java/jayatanaag.jar -agentpath:/home/zinc/jprofiler8/bin/linux-x64/libjprofilerti.so=port=31758 
java_command: blue.program rbrGbGyGGgyg
java_class_path (initial): /home/zinc/JAVA_workspace/blue/src:/usr/share/java/jayatanaag.jar
Launcher Type: SUN_STANDARD

Environment Variables:
JAVA_HOME=/home/zinc/Documents/jdk1.8.0_40/bin
JAVA_TOOL_OPTIONS=-javaagent:/usr/share/java/jayatanaag.jar 
PATH=/home/zinc/bin:/usr/local/sbin:/usr/local/bin:/usr/sbin:/usr/bin:/sbin:/bin:/usr/games:/usr/local/games:/home/zinc/Documents/jdk1.8.0_40/bin
LD_LIBRARY_PATH=/home/zinc/jprofiler8/lib:
SHELL=/bin/bash
DISPLAY=:0.0
DYLD_LIBRARY_PATH=/home/zinc/jprofiler8/lib:

Signal Handlers:
SIGSEGV: [libjvm.so+0xaad2e0], sa_mask[0]=11111111011111111101111111111110, sa_flags=SA_RESTART|SA_SIGINFO
SIGBUS: [libjvm.so+0xaad2e0], sa_mask[0]=11111111011111111101111111111110, sa_flags=SA_RESTART|SA_SIGINFO
SIGFPE: [libjvm.so+0x90b550], sa_mask[0]=11111111011111111101111111111110, sa_flags=SA_RESTART|SA_SIGINFO
SIGPIPE: [libjvm.so+0x90b550], sa_mask[0]=11111111011111111101111111111110, sa_flags=SA_RESTART|SA_SIGINFO
SIGXFSZ: [libjvm.so+0x90b550], sa_mask[0]=11111111011111111101111111111110, sa_flags=SA_RESTART|SA_SIGINFO
SIGILL: [libjvm.so+0x90b550], sa_mask[0]=11111111011111111101111111111110, sa_flags=SA_RESTART|SA_SIGINFO
SIGUSR1: SIG_DFL, sa_mask[0]=00000000000000000000000000000000, sa_flags=none
SIGUSR2: [libjvm.so+0x90cb90], sa_mask[0]=00100000000000000000000000000000, sa_flags=SA_RESTART|SA_SIGINFO
SIGHUP: [libjvm.so+0x90dee0], sa_mask[0]=11111111011111111101111111111110, sa_flags=SA_RESTART|SA_SIGINFO
SIGINT: [libjvm.so+0x90dee0], sa_mask[0]=11111111011111111101111111111110, sa_flags=SA_RESTART|SA_SIGINFO
SIGTERM: [libjvm.so+0x90dee0], sa_mask[0]=11111111011111111101111111111110, sa_flags=SA_RESTART|SA_SIGINFO
SIGQUIT: [libjvm.so+0x90dee0], sa_mask[0]=11111111011111111101111111111110, sa_flags=SA_RESTART|SA_SIGINFO


---------------  S Y S T E M  ---------------

OS:DISTRIB_ID=Ubuntu
DISTRIB_RELEASE=15.04
DISTRIB_CODENAME=vivid
DISTRIB_DESCRIPTION="Ubuntu 15.04"

uname:Linux 3.19.0-18-generic #18-Ubuntu SMP Tue May 19 18:31:35 UTC 2015 x86_64
libc:glibc 2.21 NPTL 2.21 
rlimit: STACK 8192k, CORE 0k, NPROC 26800, NOFILE 65536, AS infinity
load average:2,46 1,51 1,31

/proc/meminfo:
MemTotal:        7096672 kB
MemFree:          135532 kB
MemAvailable:      95012 kB
Buffers:            1172 kB
Cached:           392484 kB
SwapCached:        58876 kB
Active:          5600976 kB
Inactive:        1121420 kB
Active(anon):    5582476 kB
Inactive(anon):  1090124 kB
Active(file):      18500 kB
Inactive(file):    31296 kB
Unevictable:         128 kB
Mlocked:             128 kB
SwapTotal:       7291900 kB
SwapFree:              0 kB
Dirty:               608 kB
Writeback:             0 kB
AnonPages:       6272780 kB
Mapped:           221040 kB
Shmem:            342920 kB
Slab:              86992 kB
SReclaimable:      38092 kB
SUnreclaim:        48900 kB
KernelStack:       14480 kB
PageTables:        89588 kB
NFS_Unstable:          0 kB
Bounce:                0 kB
WritebackTmp:          0 kB
CommitLimit:    10840236 kB
Committed_AS:   21377208 kB
VmallocTotal:   34359738367 kB
VmallocUsed:      360140 kB
VmallocChunk:   34359278052 kB
HardwareCorrupted:     0 kB
AnonHugePages:    763904 kB
CmaTotal:              0 kB
CmaFree:               0 kB
HugePages_Total:       0
HugePages_Free:        0
HugePages_Rsvd:        0
HugePages_Surp:        0
Hugepagesize:       2048 kB
DirectMap4k:      434296 kB
DirectMap2M:     6858752 kB


CPU:total 4 (4 cores per cpu, 1 threads per core) family 6 model 58 stepping 9, cmov, cx8, fxsr, mmx, sse, sse2, sse3, ssse3, sse4.1, sse4.2, popcnt, avx, aes, clmul, erms, tsc, tscinvbit, tscinv

/proc/cpuinfo:
processor	: 0
vendor_id	: GenuineIntel
cpu family	: 6
model		: 58
model name	: Intel(R) Core(TM) i5-3570K CPU @ 3.40GHz
stepping	: 9
microcode	: 0x1b
cpu MHz		: 3483.937
cache size	: 6144 KB
physical id	: 0
siblings	: 4
core id		: 0
cpu cores	: 4
apicid		: 0
initial apicid	: 0
fpu		: yes
fpu_exception	: yes
cpuid level	: 13
wp		: yes
flags		: fpu vme de pse tsc msr pae mce cx8 apic sep mtrr pge mca cmov pat pse36 clflush dts acpi mmx fxsr sse sse2 ss ht tm pbe syscall nx rdtscp lm constant_tsc arch_perfmon pebs bts rep_good nopl xtopology nonstop_tsc aperfmperf eagerfpu pni pclmulqdq dtes64 monitor ds_cpl vmx est tm2 ssse3 cx16 xtpr pdcm pcid sse4_1 sse4_2 popcnt tsc_deadline_timer aes xsave avx f16c rdrand lahf_lm ida arat epb pln pts dtherm tpr_shadow vnmi flexpriority ept vpid fsgsbase smep erms xsaveopt
bugs		:
bogomips	: 6806.91
clflush size	: 64
cache_alignment	: 64
address sizes	: 36 bits physical, 48 bits virtual
power management:

processor	: 1
vendor_id	: GenuineIntel
cpu family	: 6
model		: 58
model name	: Intel(R) Core(TM) i5-3570K CPU @ 3.40GHz
stepping	: 9
microcode	: 0x1b
cpu MHz		: 3424.570
cache size	: 6144 KB
physical id	: 0
siblings	: 4
core id		: 1
cpu cores	: 4
apicid		: 2
initial apicid	: 2
fpu		: yes
fpu_exception	: yes
cpuid level	: 13
wp		: yes
flags		: fpu vme de pse tsc msr pae mce cx8 apic sep mtrr pge mca cmov pat pse36 clflush dts acpi mmx fxsr sse sse2 ss ht tm pbe syscall nx rdtscp lm constant_tsc arch_perfmon pebs bts rep_good nopl xtopology nonstop_tsc aperfmperf eagerfpu pni pclmulqdq dtes64 monitor ds_cpl vmx est tm2 ssse3 cx16 xtpr pdcm pcid sse4_1 sse4_2 popcnt tsc_deadline_timer aes xsave avx f16c rdrand lahf_lm ida arat epb pln pts dtherm tpr_shadow vnmi flexpriority ept vpid fsgsbase smep erms xsaveopt
bugs		:
bogomips	: 6806.91
clflush size	: 64
cache_alignment	: 64
address sizes	: 36 bits physical, 48 bits virtual
power management:

processor	: 2
vendor_id	: GenuineIntel
cpu family	: 6
model		: 58
model name	: Intel(R) Core(TM) i5-3570K CPU @ 3.40GHz
stepping	: 9
microcode	: 0x1b
cpu MHz		: 3365.070
cache size	: 6144 KB
physical id	: 0
siblings	: 4
core id		: 2
cpu cores	: 4
apicid		: 4
initial apicid	: 4
fpu		: yes
fpu_exception	: yes
cpuid level	: 13
wp		: yes
flags		: fpu vme de pse tsc msr pae mce cx8 apic sep mtrr pge mca cmov pat pse36 clflush dts acpi mmx fxsr sse sse2 ss ht tm pbe syscall nx rdtscp lm constant_tsc arch_perfmon pebs bts rep_good nopl xtopology nonstop_tsc aperfmperf eagerfpu pni pclmulqdq dtes64 monitor ds_cpl vmx est tm2 ssse3 cx16 xtpr pdcm pcid sse4_1 sse4_2 popcnt tsc_deadline_timer aes xsave avx f16c rdrand lahf_lm ida arat epb pln pts dtherm tpr_shadow vnmi flexpriority ept vpid fsgsbase smep erms xsaveopt
bugs		:
bogomips	: 6806.91
clflush size	: 64
cache_alignment	: 64
address sizes	: 36 bits physical, 48 bits virtual
power management:

processor	: 3
vendor_id	: GenuineIntel
cpu family	: 6
model		: 58
model name	: Intel(R) Core(TM) i5-3570K CPU @ 3.40GHz
stepping	: 9
microcode	: 0x1b
cpu MHz		: 3480.085
cache size	: 6144 KB
physical id	: 0
siblings	: 4
core id		: 3
cpu cores	: 4
apicid		: 6
initial apicid	: 6
fpu		: yes
fpu_exception	: yes
cpuid level	: 13
wp		: yes
flags		: fpu vme de pse tsc msr pae mce cx8 apic sep mtrr pge mca cmov pat pse36 clflush dts acpi mmx fxsr sse sse2 ss ht tm pbe syscall nx rdtscp lm constant_tsc arch_perfmon pebs bts rep_good nopl xtopology nonstop_tsc aperfmperf eagerfpu pni pclmulqdq dtes64 monitor ds_cpl vmx est tm2 ssse3 cx16 xtpr pdcm pcid sse4_1 sse4_2 popcnt tsc_deadline_timer aes xsave avx f16c rdrand lahf_lm ida arat epb pln pts dtherm tpr_shadow vnmi flexpriority ept vpid fsgsbase smep erms xsaveopt
bugs		:
bogomips	: 6806.91
clflush size	: 64
cache_alignment	: 64
address sizes	: 36 bits physical, 48 bits virtual
power management:



Memory: 4k page, physical 7096672k(135036k free), swap 7291900k(4k free)

vm_info: Java HotSpot(TM) 64-Bit Server VM (25.40-b25) for linux-amd64 JRE (1.8.0_40-b26), built on Mar  7 2015 15:08:31 by "java_re" with gcc 4.3.0 20080428 (Red Hat 4.3.0-8)

time: Mon Jun  8 00:55:07 2015
elapsed time: 286 seconds (0d 0h 4m 46s)

